<?xml version="1.0" encoding="UTF-8"?>
<coverage generated="1783791994258" clover="3.2.0">
  <project timestamp="1783791994258" name="All files">
    <metrics statements="92" coveredstatements="92" conditionals="50" coveredconditionals="49" methods="46" coveredmethods="46" elements="188" coveredelements="187" complexity="0" loc="92" ncloc="92" packages="2" files="4" classes="4"/>
    <package name="__mocks__">
      <metrics statements="9" coveredstatements="9" conditionals="1" coveredconditionals="1" methods="4" coveredmethods="4"/>
      <file name="chrome.ts" path="/Users/erontancioco/Documents/Projects/tab-manager-chrome-extension/src/__mocks__/chrome.ts">
        <metrics statements="9" coveredstatements="9" conditionals="1" coveredconditionals="1" methods="4" coveredmethods="4"/>
        <line num="5" count="204" type="stmt"/>
        <line num="27" count="44" type="stmt"/>
        <line num="35" count="44" type="stmt"/>
        <line num="40" count="44" type="stmt"/>
        <line num="50" count="44" type="stmt"/>
        <line num="51" count="1" type="stmt"/>
        <line num="54" count="44" type="stmt"/>
        <line num="64" count="44" type="stmt"/>
        <line num="65" count="44" type="stmt"/>
      </file>
    </package>
    <package name="popup">
      <metrics statements="83" coveredstatements="83" conditionals="49" coveredconditionals="48" methods="42" coveredmethods="42"/>
      <file name="App.tsx" path="/Users/erontancioco/Documents/Projects/tab-manager-chrome-extension/src/popup/App.tsx">
        <metrics statements="49" coveredstatements="49" conditionals="26" coveredconditionals="25" methods="23" coveredmethods="23"/>
        <line num="7" count="1" type="stmt"/>
        <line num="10" count="90" type="cond" truecount="2" falsecount="0"/>
        <line num="14" count="57" type="stmt"/>
        <line num="15" count="57" type="stmt"/>
        <line num="16" count="57" type="stmt"/>
        <line num="17" count="57" type="stmt"/>
        <line num="18" count="57" type="stmt"/>
        <line num="20" count="57" type="stmt"/>
        <line num="21" count="20" type="stmt"/>
        <line num="25" count="20" type="stmt"/>
        <line num="26" count="20" type="stmt"/>
        <line num="29" count="57" type="stmt"/>
        <line num="30" count="20" type="stmt"/>
        <line num="33" count="57" type="stmt"/>
        <line num="34" count="4" type="stmt"/>
        <line num="35" count="4" type="cond" truecount="2" falsecount="0"/>
        <line num="36" count="3" type="stmt"/>
        <line num="37" count="3" type="cond" truecount="2" falsecount="0"/>
        <line num="38" count="2" type="stmt"/>
        <line num="39" count="2" type="stmt"/>
        <line num="40" count="2" type="stmt"/>
        <line num="41" count="2" type="stmt"/>
        <line num="44" count="57" type="stmt"/>
        <line num="45" count="1" type="stmt"/>
        <line num="48" count="57" type="stmt"/>
        <line num="49" count="1" type="stmt"/>
        <line num="50" count="1" type="stmt"/>
        <line num="53" count="57" type="stmt"/>
        <line num="54" count="57" type="stmt"/>
        <line num="56" count="97" type="cond" truecount="2" falsecount="0"/>
        <line num="60" count="57" type="stmt"/>
        <line num="70" count="3" type="stmt"/>
        <line num="82" count="93" type="stmt"/>
        <line num="85" count="2" type="stmt"/>
        <line num="86" count="1" type="stmt"/>
        <line num="87" count="1" type="stmt"/>
        <line num="96" count="8" type="stmt"/>
        <line num="109" count="3" type="stmt"/>
        <line num="111" count="3" type="cond" truecount="1" falsecount="1"/>
        <line num="124" count="4" type="stmt"/>
        <line num="134" count="1" type="stmt"/>
        <line num="140" count="1" type="stmt"/>
        <line num="165" count="90" type="stmt"/>
        <line num="175" count="1" type="stmt"/>
        <line num="186" count="2" type="stmt"/>
        <line num="187" count="2" type="cond" truecount="2" falsecount="0"/>
        <line num="188" count="1" type="stmt"/>
        <line num="196" count="1" type="stmt"/>
        <line num="197" count="1" type="stmt"/>
      </file>
      <file name="sessions.ts" path="/Users/erontancioco/Documents/Projects/tab-manager-chrome-extension/src/popup/sessions.ts">
        <metrics statements="17" coveredstatements="17" conditionals="5" coveredconditionals="5" methods="10" coveredmethods="10"/>
        <line num="4" count="2" type="stmt"/>
        <line num="16" count="33" type="stmt"/>
        <line num="17" count="33" type="cond" truecount="2" falsecount="0"/>
        <line num="28" count="6" type="stmt"/>
        <line num="35" count="6" type="stmt"/>
        <line num="36" count="6" type="stmt"/>
        <line num="37" count="6" type="stmt"/>
        <line num="39" count="6" type="stmt"/>
        <line num="44" count="2" type="stmt"/>
        <line num="45" count="3" type="stmt"/>
        <line num="46" count="2" type="stmt"/>
        <line num="51" count="6" type="stmt"/>
        <line num="52" count="14" type="cond" truecount="3" falsecount="0"/>
        <line num="53" count="10" type="stmt"/>
        <line num="61" count="3" type="stmt"/>
        <line num="62" count="5" type="stmt"/>
        <line num="64" count="5" type="stmt"/>
      </file>
      <file name="tabs.ts" path="/Users/erontancioco/Documents/Projects/tab-manager-chrome-extension/src/popup/tabs.ts">
        <metrics statements="17" coveredstatements="17" conditionals="18" coveredconditionals="18" methods="9" coveredmethods="9"/>
        <line num="8" count="65" type="stmt"/>
        <line num="22" count="26" type="stmt"/>
        <line num="23" count="26" type="stmt"/>
        <line num="31" count="3" type="stmt"/>
        <line num="32" count="3" type="stmt"/>
        <line num="37" count="3" type="stmt"/>
        <line num="38" count="3" type="stmt"/>
        <line num="49" count="3" type="stmt"/>
        <line num="50" count="3" type="stmt"/>
        <line num="58" count="3" type="stmt"/>
        <line num="59" count="3" type="stmt"/>
        <line num="60" count="6" type="stmt"/>
        <line num="62" count="3" type="stmt"/>
        <line num="63" count="4" type="cond" truecount="2" falsecount="0"/>
        <line num="64" count="1" type="stmt"/>
        <line num="71" count="2" type="stmt"/>
        <line num="72" count="2" type="stmt"/>
      </file>
    </package>
  </project>
</coverage>
