{"/Users/erontancioco/Documents/Projects/tab-manager-chrome-extension/src/__mocks__/chrome.ts": {"path":"/Users/erontancioco/Documents/Projects/tab-manager-chrome-extension/src/__mocks__/chrome.ts","statementMap":{"0":{"start":{"line":5,"column":2},"end":{"line":23,"column":null}},"1":{"start":{"line":27,"column":19},"end":{"line":33,"column":null}},"2":{"start":{"line":35,"column":22},"end":{"line":38,"column":null}},"3":{"start":{"line":40,"column":22},"end":{"line":48,"column":null}},"4":{"start":{"line":50,"column":22},"end":{"line":52,"column":null}},"5":{"start":{"line":51,"column":57},"end":{"line":51,"column":89}},"6":{"start":{"line":54,"column":2},"end":{"line":59,"column":null}},"7":{"start":{"line":64,"column":15},"end":{"line":64,"column":null}},"8":{"start":{"line":65,"column":2},"end":{"line":65,"column":null}}},"fnMap":{"0":{"name":"createMockTab","decl":{"start":{"line":4,"column":16},"end":{"line":4,"column":30}},"loc":{"start":{"line":4,"column":89},"end":{"line":24,"column":null}},"line":4},"1":{"name":"createMockChrome","decl":{"start":{"line":26,"column":16},"end":{"line":26,"column":35}},"loc":{"start":{"line":26,"column":35},"end":{"line":60,"column":null}},"line":26},"2":{"name":"(anonymous_2)","decl":{"start":{"line":51,"column":20},"end":{"line":51,"column":40}},"loc":{"start":{"line":51,"column":57},"end":{"line":51,"column":89}},"line":51},"3":{"name":"installMockChrome","decl":{"start":{"line":63,"column":16},"end":{"line":63,"column":42}},"loc":{"start":{"line":63,"column":42},"end":{"line":66,"column":null}},"line":63}},"branchMap":{"0":{"loc":{"start":{"line":4,"column":30},"end":{"line":4,"column":89}},"type":"default-arg","locations":[{"start":{"line":4,"column":68},"end":{"line":4,"column":89}}],"line":4}},"s":{"0":204,"1":44,"2":44,"3":44,"4":44,"5":1,"6":44,"7":44,"8":44},"f":{"0":204,"1":44,"2":1,"3":44},"b":{"0":[204]},"meta":{"lastBranch":1,"lastFunction":4,"lastStatement":9,"seen":{"f:4:16:4:30":0,"b:4:68:4:89":0,"s:5:2:23:Infinity":0,"f:26:16:26:35":1,"s:27:19:33:Infinity":1,"s:35:22:38:Infinity":2,"s:40:22:48:Infinity":3,"s:50:22:52:Infinity":4,"f:51:20:51:40":2,"s:51:57:51:89":5,"s:54:2:59:Infinity":6,"f:63:16:63:42":3,"s:64:15:64:Infinity":7,"s:65:2:65:Infinity":8},"fnNames":{}}}
,"/Users/erontancioco/Documents/Projects/tab-manager-chrome-extension/src/popup/App.tsx": {"path":"/Users/erontancioco/Documents/Projects/tab-manager-chrome-extension/src/popup/App.tsx","statementMap":{"0":{"start":{"line":7,"column":22},"end":{"line":7,"column":null}},"1":{"start":{"line":10,"column":2},"end":{"line":10,"column":null}},"2":{"start":{"line":14,"column":26},"end":{"line":14,"column":null}},"3":{"start":{"line":15,"column":30},"end":{"line":15,"column":null}},"4":{"start":{"line":16,"column":34},"end":{"line":16,"column":null}},"5":{"start":{"line":17,"column":40},"end":{"line":17,"column":null}},"6":{"start":{"line":18,"column":42},"end":{"line":18,"column":null}},"7":{"start":{"line":20,"column":19},"end":{"line":27,"column":null}},"8":{"start":{"line":21,"column":35},"end":{"line":24,"column":null}},"9":{"start":{"line":25,"column":4},"end":{"line":25,"column":null}},"10":{"start":{"line":26,"column":4},"end":{"line":26,"column":null}},"11":{"start":{"line":29,"column":2},"end":{"line":31,"column":null}},"12":{"start":{"line":30,"column":4},"end":{"line":30,"column":null}},"13":{"start":{"line":33,"column":28},"end":{"line":42,"column":null}},"14":{"start":{"line":34,"column":17},"end":{"line":34,"column":null}},"15":{"start":{"line":35,"column":4},"end":{"line":35,"column":null}},"16":{"start":{"line":35,"column":15},"end":{"line":35,"column":null}},"17":{"start":{"line":36,"column":24},"end":{"line":36,"column":null}},"18":{"start":{"line":37,"column":4},"end":{"line":37,"column":null}},"19":{"start":{"line":37,"column":34},"end":{"line":37,"column":null}},"20":{"start":{"line":38,"column":4},"end":{"line":38,"column":null}},"21":{"start":{"line":39,"column":4},"end":{"line":39,"column":null}},"22":{"start":{"line":40,"column":4},"end":{"line":40,"column":null}},"23":{"start":{"line":41,"column":4},"end":{"line":41,"column":null}},"24":{"start":{"line":44,"column":31},"end":{"line":46,"column":null}},"25":{"start":{"line":45,"column":4},"end":{"line":45,"column":null}},"26":{"start":{"line":48,"column":30},"end":{"line":51,"column":null}},"27":{"start":{"line":49,"column":4},"end":{"line":49,"column":null}},"28":{"start":{"line":50,"column":4},"end":{"line":50,"column":null}},"29":{"start":{"line":53,"column":16},"end":{"line":53,"column":null}},"30":{"start":{"line":54,"column":19},"end":{"line":58,"column":null}},"31":{"start":{"line":56,"column":6},"end":{"line":57,"column":null}},"32":{"start":{"line":60,"column":2},"end":{"line":150,"column":null}},"33":{"start":{"line":70,"column":27},"end":{"line":70,"column":null}},"34":{"start":{"line":82,"column":10},"end":{"line":88,"column":null}},"35":{"start":{"line":85,"column":28},"end":{"line":85,"column":null}},"36":{"start":{"line":86,"column":27},"end":{"line":86,"column":null}},"37":{"start":{"line":87,"column":29},"end":{"line":87,"column":null}},"38":{"start":{"line":96,"column":25},"end":{"line":96,"column":null}},"39":{"start":{"line":109,"column":33},"end":{"line":109,"column":null}},"40":{"start":{"line":111,"column":18},"end":{"line":111,"column":null}},"41":{"start":{"line":111,"column":41},"end":{"line":111,"column":null}},"42":{"start":{"line":124,"column":14},"end":{"line":145,"column":null}},"43":{"start":{"line":134,"column":35},"end":{"line":134,"column":null}},"44":{"start":{"line":140,"column":35},"end":{"line":140,"column":null}},"45":{"start":{"line":165,"column":2},"end":{"line":203,"column":null}},"46":{"start":{"line":175,"column":10},"end":{"line":175,"column":null}},"47":{"start":{"line":186,"column":12},"end":{"line":186,"column":null}},"48":{"start":{"line":187,"column":12},"end":{"line":188,"column":null}},"49":{"start":{"line":187,"column":31},"end":{"line":187,"column":null}},"50":{"start":{"line":188,"column":17},"end":{"line":188,"column":null}},"51":{"start":{"line":196,"column":12},"end":{"line":196,"column":null}},"52":{"start":{"line":197,"column":12},"end":{"line":197,"column":null}}},"fnMap":{"0":{"name":"isValidUrl","decl":{"start":{"line":9,"column":9},"end":{"line":9,"column":20}},"loc":{"start":{"line":9,"column":42},"end":{"line":11,"column":null}},"line":9},"1":{"name":"App","decl":{"start":{"line":13,"column":24},"end":{"line":13,"column":30}},"loc":{"start":{"line":13,"column":30},"end":{"line":152,"column":null}},"line":13},"2":{"name":"(anonymous_2)","decl":{"start":{"line":20,"column":31},"end":{"line":20,"column":43}},"loc":{"start":{"line":20,"column":43},"end":{"line":27,"column":5}},"line":20},"3":{"name":"(anonymous_3)","decl":{"start":{"line":29,"column":2},"end":{"line":29,"column":18}},"loc":{"start":{"line":29,"column":18},"end":{"line":31,"column":5}},"line":29},"4":{"name":"(anonymous_4)","decl":{"start":{"line":33,"column":28},"end":{"line":33,"column":40}},"loc":{"start":{"line":33,"column":40},"end":{"line":42,"column":null}},"line":33},"5":{"name":"(anonymous_5)","decl":{"start":{"line":44,"column":31},"end":{"line":44,"column":38}},"loc":{"start":{"line":44,"column":59},"end":{"line":46,"column":null}},"line":44},"6":{"name":"(anonymous_6)","decl":{"start":{"line":48,"column":30},"end":{"line":48,"column":37}},"loc":{"start":{"line":48,"column":59},"end":{"line":51,"column":null}},"line":48},"7":{"name":"(anonymous_7)","decl":{"start":{"line":54,"column":24},"end":{"line":54,"column":null}},"loc":{"start":{"line":56,"column":6},"end":{"line":57,"column":null}},"line":56},"8":{"name":"(anonymous_8)","decl":{"start":{"line":70,"column":10},"end":{"line":70,"column":21}},"loc":{"start":{"line":70,"column":27},"end":{"line":70,"column":null}},"line":70},"9":{"name":"(anonymous_9)","decl":{"start":{"line":81,"column":18},"end":{"line":81,"column":23}},"loc":{"start":{"line":82,"column":10},"end":{"line":88,"column":null}},"line":82},"10":{"name":"(anonymous_10)","decl":{"start":{"line":85,"column":12},"end":{"line":85,"column":28}},"loc":{"start":{"line":85,"column":28},"end":{"line":85,"column":null}},"line":85},"11":{"name":"(anonymous_11)","decl":{"start":{"line":86,"column":12},"end":{"line":86,"column":27}},"loc":{"start":{"line":86,"column":27},"end":{"line":86,"column":null}},"line":86},"12":{"name":"(anonymous_12)","decl":{"start":{"line":87,"column":12},"end":{"line":87,"column":29}},"loc":{"start":{"line":87,"column":29},"end":{"line":87,"column":null}},"line":87},"13":{"name":"(anonymous_13)","decl":{"start":{"line":96,"column":10},"end":{"line":96,"column":25}},"loc":{"start":{"line":96,"column":25},"end":{"line":96,"column":null}},"line":96},"14":{"name":"(anonymous_14)","decl":{"start":{"line":109,"column":16},"end":{"line":109,"column":27}},"loc":{"start":{"line":109,"column":33},"end":{"line":109,"column":null}},"line":109},"15":{"name":"(anonymous_15)","decl":{"start":{"line":110,"column":16},"end":{"line":110,"column":28}},"loc":{"start":{"line":110,"column":34},"end":{"line":112,"column":null}},"line":110},"16":{"name":"(anonymous_16)","decl":{"start":{"line":123,"column":22},"end":{"line":123,"column":27}},"loc":{"start":{"line":124,"column":14},"end":{"line":145,"column":null}},"line":124},"17":{"name":"(anonymous_17)","decl":{"start":{"line":134,"column":20},"end":{"line":134,"column":35}},"loc":{"start":{"line":134,"column":35},"end":{"line":134,"column":null}},"line":134},"18":{"name":"(anonymous_18)","decl":{"start":{"line":140,"column":20},"end":{"line":140,"column":35}},"loc":{"start":{"line":140,"column":35},"end":{"line":140,"column":null}},"line":140},"19":{"name":"TabItem","decl":{"start":{"line":154,"column":9},"end":{"line":154,"column":17}},"loc":{"start":{"line":164,"column":3},"end":{"line":205,"column":null}},"line":164},"20":{"name":"(anonymous_20)","decl":{"start":{"line":174,"column":8},"end":{"line":174,"column":18}},"loc":{"start":{"line":174,"column":24},"end":{"line":176,"column":null}},"line":174},"21":{"name":"(anonymous_21)","decl":{"start":{"line":185,"column":10},"end":{"line":185,"column":20}},"loc":{"start":{"line":185,"column":26},"end":{"line":189,"column":null}},"line":185},"22":{"name":"(anonymous_22)","decl":{"start":{"line":195,"column":10},"end":{"line":195,"column":20}},"loc":{"start":{"line":195,"column":26},"end":{"line":198,"column":null}},"line":195}},"branchMap":{"0":{"loc":{"start":{"line":10,"column":9},"end":{"line":10,"column":null}},"type":"binary-expr","locations":[{"start":{"line":10,"column":9},"end":{"line":10,"column":38}},{"start":{"line":10,"column":38},"end":{"line":10,"column":null}}],"line":10},"1":{"loc":{"start":{"line":35,"column":4},"end":{"line":35,"column":null}},"type":"if","locations":[{"start":{"line":35,"column":4},"end":{"line":35,"column":null}},{"start":{},"end":{}}],"line":35},"2":{"loc":{"start":{"line":37,"column":4},"end":{"line":37,"column":null}},"type":"if","locations":[{"start":{"line":37,"column":4},"end":{"line":37,"column":null}},{"start":{},"end":{}}],"line":37},"3":{"loc":{"start":{"line":56,"column":6},"end":{"line":57,"column":null}},"type":"binary-expr","locations":[{"start":{"line":56,"column":6},"end":{"line":56,"column":null}},{"start":{"line":57,"column":6},"end":{"line":57,"column":null}}],"line":56},"4":{"loc":{"start":{"line":98,"column":11},"end":{"line":98,"column":36}},"type":"cond-expr","locations":[{"start":{"line":98,"column":26},"end":{"line":98,"column":32}},{"start":{"line":98,"column":32},"end":{"line":98,"column":36}}],"line":98},"5":{"loc":{"start":{"line":101,"column":9},"end":{"line":149,"column":null}},"type":"binary-expr","locations":[{"start":{"line":101,"column":9},"end":{"line":101,"column":null}},{"start":{"line":102,"column":10},"end":{"line":149,"column":null}}],"line":101},"6":{"loc":{"start":{"line":111,"column":18},"end":{"line":111,"column":null}},"type":"if","locations":[{"start":{"line":111,"column":18},"end":{"line":111,"column":null}},{"start":{},"end":{}}],"line":111},"7":{"loc":{"start":{"line":119,"column":13},"end":{"line":120,"column":null}},"type":"binary-expr","locations":[{"start":{"line":119,"column":13},"end":{"line":119,"column":null}},{"start":{"line":120,"column":14},"end":{"line":120,"column":null}}],"line":119},"8":{"loc":{"start":{"line":128,"column":40},"end":{"line":128,"column":71}},"type":"cond-expr","locations":[{"start":{"line":128,"column":62},"end":{"line":128,"column":68}},{"start":{"line":128,"column":68},"end":{"line":128,"column":71}}],"line":128},"9":{"loc":{"start":{"line":167,"column":28},"end":{"line":167,"column":null}},"type":"cond-expr","locations":[{"start":{"line":167,"column":44},"end":{"line":167,"column":59}},{"start":{"line":167,"column":59},"end":{"line":167,"column":null}}],"line":167},"10":{"loc":{"start":{"line":172,"column":13},"end":{"line":172,"column":null}},"type":"cond-expr","locations":[{"start":{"line":172,"column":42},"end":{"line":172,"column":59}},{"start":{"line":172,"column":59},"end":{"line":172,"column":null}}],"line":172},"11":{"loc":{"start":{"line":187,"column":12},"end":{"line":188,"column":null}},"type":"if","locations":[{"start":{"line":187,"column":12},"end":{"line":188,"column":null}},{"start":{"line":188,"column":17},"end":{"line":188,"column":null}}],"line":187},"12":{"loc":{"start":{"line":191,"column":11},"end":{"line":191,"column":null}},"type":"cond-expr","locations":[{"start":{"line":191,"column":27},"end":{"line":191,"column":38}},{"start":{"line":191,"column":38},"end":{"line":191,"column":null}}],"line":191}},"s":{"0":1,"1":90,"2":57,"3":57,"4":57,"5":57,"6":57,"7":57,"8":20,"9":20,"10":20,"11":57,"12":20,"13":57,"14":4,"15":4,"16":1,"17":3,"18":3,"19":1,"20":2,"21":2,"22":2,"23":2,"24":57,"25":1,"26":57,"27":1,"28":1,"29":57,"30":57,"31":97,"32":57,"33":3,"34":93,"35":2,"36":1,"37":1,"38":8,"39":3,"40":3,"41":3,"42":4,"43":1,"44":1,"45":90,"46":1,"47":2,"48":2,"49":1,"50":1,"51":1,"52":1},"f":{"0":90,"1":57,"2":20,"3":20,"4":4,"5":1,"6":1,"7":97,"8":3,"9":93,"10":2,"11":1,"12":1,"13":8,"14":3,"15":3,"16":4,"17":1,"18":1,"19":90,"20":1,"21":2,"22":1},"b":{"0":[90,90],"1":[1,3],"2":[1,2],"3":[97,4],"4":[14,43],"5":[57,14],"6":[3,0],"7":[14,10],"8":[1,3],"9":[27,63],"10":[87,3],"11":[1,1],"12":[27,63]},"meta":{"lastBranch":13,"lastFunction":23,"lastStatement":53,"seen":{"s:7:22:7:Infinity":0,"f:9:9:9:20":0,"s:10:2:10:Infinity":1,"b:10:9:10:38:10:38:10:Infinity":0,"f:13:24:13:30":1,"s:14:26:14:Infinity":2,"s:15:30:15:Infinity":3,"s:16:34:16:Infinity":4,"s:17:40:17:Infinity":5,"s:18:42:18:Infinity":6,"s:20:19:27:Infinity":7,"f:20:31:20:43":2,"s:21:35:24:Infinity":8,"s:25:4:25:Infinity":9,"s:26:4:26:Infinity":10,"s:29:2:31:Infinity":11,"f:29:2:29:18":3,"s:30:4:30:Infinity":12,"s:33:28:42:Infinity":13,"f:33:28:33:40":4,"s:34:17:34:Infinity":14,"b:35:4:35:Infinity:undefined:undefined:undefined:undefined":1,"s:35:4:35:Infinity":15,"s:35:15:35:Infinity":16,"s:36:24:36:Infinity":17,"b:37:4:37:Infinity:undefined:undefined:undefined:undefined":2,"s:37:4:37:Infinity":18,"s:37:34:37:Infinity":19,"s:38:4:38:Infinity":20,"s:39:4:39:Infinity":21,"s:40:4:40:Infinity":22,"s:41:4:41:Infinity":23,"s:44:31:46:Infinity":24,"f:44:31:44:38":5,"s:45:4:45:Infinity":25,"s:48:30:51:Infinity":26,"f:48:30:48:37":6,"s:49:4:49:Infinity":27,"s:50:4:50:Infinity":28,"s:53:16:53:Infinity":29,"s:54:19:58:Infinity":30,"f:54:24:54:Infinity":7,"s:56:6:57:Infinity":31,"b:56:6:56:Infinity:57:6:57:Infinity":3,"s:60:2:150:Infinity":32,"f:70:10:70:21":8,"s:70:27:70:Infinity":33,"f:81:18:81:23":9,"s:82:10:88:Infinity":34,"f:85:12:85:28":10,"s:85:28:85:Infinity":35,"f:86:12:86:27":11,"s:86:27:86:Infinity":36,"f:87:12:87:29":12,"s:87:29:87:Infinity":37,"f:96:10:96:25":13,"s:96:25:96:Infinity":38,"b:98:26:98:32:98:32:98:36":4,"b:101:9:101:Infinity:102:10:149:Infinity":5,"f:109:16:109:27":14,"s:109:33:109:Infinity":39,"f:110:16:110:28":15,"b:111:18:111:Infinity:undefined:undefined:undefined:undefined":6,"s:111:18:111:Infinity":40,"s:111:41:111:Infinity":41,"b:119:13:119:Infinity:120:14:120:Infinity":7,"f:123:22:123:27":16,"s:124:14:145:Infinity":42,"b:128:62:128:68:128:68:128:71":8,"f:134:20:134:35":17,"s:134:35:134:Infinity":43,"f:140:20:140:35":18,"s:140:35:140:Infinity":44,"f:154:9:154:17":19,"s:165:2:203:Infinity":45,"b:167:44:167:59:167:59:167:Infinity":9,"b:172:42:172:59:172:59:172:Infinity":10,"f:174:8:174:18":20,"s:175:10:175:Infinity":46,"f:185:10:185:20":21,"s:186:12:186:Infinity":47,"b:187:12:188:Infinity:188:17:188:Infinity":11,"s:187:12:188:Infinity":48,"s:187:31:187:Infinity":49,"s:188:17:188:Infinity":50,"b:191:27:191:38:191:38:191:Infinity":12,"f:195:10:195:20":22,"s:196:12:196:Infinity":51,"s:197:12:197:Infinity":52},"fnNames":{}}}
,"/Users/erontancioco/Documents/Projects/tab-manager-chrome-extension/src/popup/sessions.ts": {"path":"/Users/erontancioco/Documents/Projects/tab-manager-chrome-extension/src/popup/sessions.ts","statementMap":{"0":{"start":{"line":4,"column":20},"end":{"line":4,"column":null}},"1":{"start":{"line":16,"column":15},"end":{"line":16,"column":null}},"2":{"start":{"line":17,"column":2},"end":{"line":17,"column":null}},"3":{"start":{"line":28,"column":27},"end":{"line":33,"column":null}},"4":{"start":{"line":35,"column":19},"end":{"line":35,"column":null}},"5":{"start":{"line":36,"column":2},"end":{"line":36,"column":null}},"6":{"start":{"line":37,"column":2},"end":{"line":37,"column":null}},"7":{"start":{"line":39,"column":2},"end":{"line":39,"column":null}},"8":{"start":{"line":44,"column":19},"end":{"line":44,"column":null}},"9":{"start":{"line":45,"column":19},"end":{"line":45,"column":null}},"10":{"start":{"line":45,"column":42},"end":{"line":45,"column":60}},"11":{"start":{"line":46,"column":2},"end":{"line":46,"column":null}},"12":{"start":{"line":51,"column":2},"end":{"line":53,"column":null}},"13":{"start":{"line":52,"column":19},"end":{"line":52,"column":89}},"14":{"start":{"line":53,"column":17},"end":{"line":53,"column":48}},"15":{"start":{"line":61,"column":18},"end":{"line":63,"column":null}},"16":{"start":{"line":62,"column":28},"end":{"line":62,"column":44}},"17":{"start":{"line":64,"column":2},"end":{"line":64,"column":null}},"18":{"start":{"line":64,"column":31},"end":{"line":64,"column":55}}},"fnMap":{"0":{"name":"getSessions","decl":{"start":{"line":15,"column":22},"end":{"line":15,"column":56}},"loc":{"start":{"line":15,"column":56},"end":{"line":18,"column":null}},"line":15},"1":{"name":"saveSession","decl":{"start":{"line":24,"column":22},"end":{"line":24,"column":null}},"loc":{"start":{"line":27,"column":20},"end":{"line":40,"column":null}},"line":27},"2":{"name":"deleteSession","decl":{"start":{"line":43,"column":22},"end":{"line":43,"column":36}},"loc":{"start":{"line":43,"column":70},"end":{"line":47,"column":null}},"line":43},"3":{"name":"(anonymous_3)","decl":{"start":{"line":45,"column":28},"end":{"line":45,"column":36}},"loc":{"start":{"line":45,"column":42},"end":{"line":45,"column":60}},"line":45},"4":{"name":"captureSessionTabs","decl":{"start":{"line":50,"column":16},"end":{"line":50,"column":35}},"loc":{"start":{"line":50,"column":82},"end":{"line":54,"column":null}},"line":50},"5":{"name":"(anonymous_5)","decl":{"start":{"line":52,"column":5},"end":{"line":52,"column":13}},"loc":{"start":{"line":52,"column":19},"end":{"line":52,"column":89}},"line":52},"6":{"name":"(anonymous_6)","decl":{"start":{"line":53,"column":5},"end":{"line":53,"column":10}},"loc":{"start":{"line":53,"column":17},"end":{"line":53,"column":48}},"line":53},"7":{"name":"restoreSession","decl":{"start":{"line":60,"column":22},"end":{"line":60,"column":37}},"loc":{"start":{"line":60,"column":72},"end":{"line":65,"column":null}},"line":60},"8":{"name":"(anonymous_8)","decl":{"start":{"line":62,"column":17},"end":{"line":62,"column":22}},"loc":{"start":{"line":62,"column":28},"end":{"line":62,"column":44}},"line":62},"9":{"name":"(anonymous_9)","decl":{"start":{"line":64,"column":17},"end":{"line":64,"column":25}},"loc":{"start":{"line":64,"column":31},"end":{"line":64,"column":55}},"line":64}},"branchMap":{"0":{"loc":{"start":{"line":17,"column":10},"end":{"line":17,"column":null}},"type":"binary-expr","locations":[{"start":{"line":17,"column":10},"end":{"line":17,"column":31}},{"start":{"line":17,"column":31},"end":{"line":17,"column":null}}],"line":17},"1":{"loc":{"start":{"line":52,"column":19},"end":{"line":52,"column":89}},"type":"binary-expr","locations":[{"start":{"line":52,"column":19},"end":{"line":52,"column":28}},{"start":{"line":52,"column":28},"end":{"line":52,"column":62}},{"start":{"line":52,"column":62},"end":{"line":52,"column":89}}],"line":52}},"s":{"0":2,"1":33,"2":33,"3":6,"4":6,"5":6,"6":6,"7":6,"8":2,"9":2,"10":3,"11":2,"12":6,"13":14,"14":10,"15":3,"16":5,"17":3,"18":5},"f":{"0":33,"1":6,"2":2,"3":3,"4":6,"5":14,"6":10,"7":3,"8":5,"9":5},"b":{"0":[33,26],"1":[14,13,11]},"meta":{"lastBranch":2,"lastFunction":10,"lastStatement":19,"seen":{"s:4:20:4:Infinity":0,"f:15:22:15:56":0,"s:16:15:16:Infinity":1,"s:17:2:17:Infinity":2,"b:17:10:17:31:17:31:17:Infinity":0,"f:24:22:24:Infinity":1,"s:28:27:33:Infinity":3,"s:35:19:35:Infinity":4,"s:36:2:36:Infinity":5,"s:37:2:37:Infinity":6,"s:39:2:39:Infinity":7,"f:43:22:43:36":2,"s:44:19:44:Infinity":8,"s:45:19:45:Infinity":9,"f:45:28:45:36":3,"s:45:42:45:60":10,"s:46:2:46:Infinity":11,"f:50:16:50:35":4,"s:51:2:53:Infinity":12,"f:52:5:52:13":5,"s:52:19:52:89":13,"b:52:19:52:28:52:28:52:62:52:62:52:89":1,"f:53:5:53:10":6,"s:53:17:53:48":14,"f:60:22:60:37":7,"s:61:18:63:Infinity":15,"f:62:17:62:22":8,"s:62:28:62:44":16,"s:64:2:64:Infinity":17,"f:64:17:64:25":9,"s:64:31:64:55":18},"fnNames":{}}}
,"/Users/erontancioco/Documents/Projects/tab-manager-chrome-extension/src/popup/tabs.ts": {"path":"/Users/erontancioco/Documents/Projects/tab-manager-chrome-extension/src/popup/tabs.ts","statementMap":{"0":{"start":{"line":8,"column":2},"end":{"line":17,"column":null}},"1":{"start":{"line":22,"column":18},"end":{"line":22,"column":null}},"2":{"start":{"line":23,"column":2},"end":{"line":23,"column":null}},"3":{"start":{"line":31,"column":2},"end":{"line":31,"column":null}},"4":{"start":{"line":32,"column":2},"end":{"line":32,"column":null}},"5":{"start":{"line":37,"column":2},"end":{"line":41,"column":null}},"6":{"start":{"line":38,"column":4},"end":{"line":38,"column":null}},"7":{"start":{"line":49,"column":2},"end":{"line":53,"column":null}},"8":{"start":{"line":50,"column":4},"end":{"line":50,"column":null}},"9":{"start":{"line":58,"column":15},"end":{"line":58,"column":null}},"10":{"start":{"line":59,"column":18},"end":{"line":61,"column":null}},"11":{"start":{"line":60,"column":23},"end":{"line":60,"column":32}},"12":{"start":{"line":60,"column":45},"end":{"line":60,"column":70}},"13":{"start":{"line":62,"column":2},"end":{"line":66,"column":null}},"14":{"start":{"line":63,"column":4},"end":{"line":65,"column":null}},"15":{"start":{"line":64,"column":6},"end":{"line":64,"column":null}},"16":{"start":{"line":71,"column":14},"end":{"line":71,"column":null}},"17":{"start":{"line":72,"column":2},"end":{"line":72,"column":null}}},"fnMap":{"0":{"name":"toTab","decl":{"start":{"line":7,"column":9},"end":{"line":7,"column":15}},"loc":{"start":{"line":7,"column":42},"end":{"line":18,"column":null}},"line":7},"1":{"name":"getAllTabs","decl":{"start":{"line":21,"column":22},"end":{"line":21,"column":51}},"loc":{"start":{"line":21,"column":51},"end":{"line":24,"column":null}},"line":21},"2":{"name":"switchToTab","decl":{"start":{"line":30,"column":22},"end":{"line":30,"column":34}},"loc":{"start":{"line":30,"column":82},"end":{"line":33,"column":null}},"line":30},"3":{"name":"closeTab","decl":{"start":{"line":36,"column":22},"end":{"line":36,"column":31}},"loc":{"start":{"line":36,"column":61},"end":{"line":42,"column":null}},"line":36},"4":{"name":"suspendTab","decl":{"start":{"line":48,"column":22},"end":{"line":48,"column":33}},"loc":{"start":{"line":48,"column":63},"end":{"line":54,"column":null}},"line":48},"5":{"name":"suspendAllTabs","decl":{"start":{"line":57,"column":22},"end":{"line":57,"column":54}},"loc":{"start":{"line":57,"column":54},"end":{"line":67,"column":null}},"line":57},"6":{"name":"(anonymous_6)","decl":{"start":{"line":60,"column":9},"end":{"line":60,"column":17}},"loc":{"start":{"line":60,"column":23},"end":{"line":60,"column":32}},"line":60},"7":{"name":"(anonymous_7)","decl":{"start":{"line":60,"column":34},"end":{"line":60,"column":39}},"loc":{"start":{"line":60,"column":45},"end":{"line":60,"column":70}},"line":60},"8":{"name":"createTab","decl":{"start":{"line":70,"column":22},"end":{"line":70,"column":32}},"loc":{"start":{"line":70,"column":62},"end":{"line":73,"column":null}},"line":70}},"branchMap":{"0":{"loc":{"start":{"line":9,"column":8},"end":{"line":9,"column":null}},"type":"binary-expr","locations":[{"start":{"line":9,"column":8},"end":{"line":9,"column":18}},{"start":{"line":9,"column":18},"end":{"line":9,"column":null}}],"line":9},"1":{"loc":{"start":{"line":10,"column":14},"end":{"line":10,"column":null}},"type":"binary-expr","locations":[{"start":{"line":10,"column":14},"end":{"line":10,"column":30}},{"start":{"line":10,"column":30},"end":{"line":10,"column":null}}],"line":10},"2":{"loc":{"start":{"line":11,"column":11},"end":{"line":11,"column":null}},"type":"binary-expr","locations":[{"start":{"line":11,"column":11},"end":{"line":11,"column":24}},{"start":{"line":11,"column":24},"end":{"line":11,"column":null}}],"line":11},"3":{"loc":{"start":{"line":12,"column":9},"end":{"line":12,"column":null}},"type":"binary-expr","locations":[{"start":{"line":12,"column":9},"end":{"line":12,"column":20}},{"start":{"line":12,"column":20},"end":{"line":12,"column":null}}],"line":12},"4":{"loc":{"start":{"line":13,"column":16},"end":{"line":13,"column":null}},"type":"binary-expr","locations":[{"start":{"line":13,"column":16},"end":{"line":13,"column":34}},{"start":{"line":13,"column":34},"end":{"line":13,"column":null}}],"line":13},"5":{"loc":{"start":{"line":14,"column":15},"end":{"line":14,"column":null}},"type":"binary-expr","locations":[{"start":{"line":14,"column":15},"end":{"line":14,"column":32}},{"start":{"line":14,"column":32},"end":{"line":14,"column":null}}],"line":14},"6":{"loc":{"start":{"line":15,"column":12},"end":{"line":15,"column":null}},"type":"binary-expr","locations":[{"start":{"line":15,"column":12},"end":{"line":15,"column":26}},{"start":{"line":15,"column":26},"end":{"line":15,"column":null}}],"line":15},"7":{"loc":{"start":{"line":16,"column":12},"end":{"line":16,"column":null}},"type":"binary-expr","locations":[{"start":{"line":16,"column":12},"end":{"line":16,"column":26}},{"start":{"line":16,"column":26},"end":{"line":16,"column":null}}],"line":16},"8":{"loc":{"start":{"line":63,"column":4},"end":{"line":65,"column":null}},"type":"if","locations":[{"start":{"line":63,"column":4},"end":{"line":65,"column":null}},{"start":{},"end":{}}],"line":63}},"s":{"0":65,"1":26,"2":26,"3":3,"4":3,"5":3,"6":3,"7":3,"8":3,"9":3,"10":3,"11":6,"12":4,"13":3,"14":4,"15":1,"16":2,"17":2},"f":{"0":65,"1":26,"2":3,"3":3,"4":3,"5":3,"6":6,"7":4,"8":2},"b":{"0":[65,1],"1":[65,1],"2":[65,1],"3":[65,1],"4":[65,1],"5":[65,1],"6":[65,1],"7":[65,1],"8":[1,3]},"meta":{"lastBranch":9,"lastFunction":9,"lastStatement":18,"seen":{"f:7:9:7:15":0,"s:8:2:17:Infinity":0,"b:9:8:9:18:9:18:9:Infinity":0,"b:10:14:10:30:10:30:10:Infinity":1,"b:11:11:11:24:11:24:11:Infinity":2,"b:12:9:12:20:12:20:12:Infinity":3,"b:13:16:13:34:13:34:13:Infinity":4,"b:14:15:14:32:14:32:14:Infinity":5,"b:15:12:15:26:15:26:15:Infinity":6,"b:16:12:16:26:16:26:16:Infinity":7,"f:21:22:21:51":1,"s:22:18:22:Infinity":1,"s:23:2:23:Infinity":2,"f:30:22:30:34":2,"s:31:2:31:Infinity":3,"s:32:2:32:Infinity":4,"f:36:22:36:31":3,"s:37:2:41:Infinity":5,"s:38:4:38:Infinity":6,"f:48:22:48:33":4,"s:49:2:53:Infinity":7,"s:50:4:50:Infinity":8,"f:57:22:57:54":5,"s:58:15:58:Infinity":9,"s:59:18:61:Infinity":10,"f:60:9:60:17":6,"s:60:23:60:32":11,"f:60:34:60:39":7,"s:60:45:60:70":12,"s:62:2:66:Infinity":13,"b:63:4:65:Infinity:undefined:undefined:undefined:undefined":8,"s:63:4:65:Infinity":14,"s:64:6:64:Infinity":15,"f:70:22:70:32":8,"s:71:14:71:Infinity":16,"s:72:2:72:Infinity":17},"fnNames":{}}}
}
